2015/09/22 21:08:08 [error] [exception.CHttpException.404] exception 'CHttpException' with message 'Unable to resolve the request "gii".' in C:\wamp\www\yii\framework\web\CWebApplication.php:286
Stack trace:
#0 C:\wamp\www\yii\framework\web\CWebApplication.php(141): CWebApplication->runController('gii')
#1 C:\wamp\www\yii\framework\base\CApplication.php(184): CWebApplication->processRequest()
#2 C:\wamp\www\testtask.local\index.php(13): CApplication->run()
#3 {main}
REQUEST_URI=/testtask.local/index.php?r=gii
---
2015/09/22 21:14:04 [error] [php] strpos() expects parameter 1 to be string, array given (C:\wamp\www\yii\framework\db\CDbConnection.php:713)
Stack trace:
#0 C:\wamp\www\yii\framework\db\CDbConnection.php(391): CDbConnection->createPdoInstance()
#1 C:\wamp\www\yii\framework\db\CDbConnection.php(347): CDbConnection->open()
#2 C:\wamp\www\yii\framework\db\CDbConnection.php(325): CDbConnection->setActive()
#3 C:\wamp\www\yii\framework\base\CModule.php(394): CDbConnection->init()
#4 C:\wamp\www\yii\framework\base\CModule.php(103): CWebApplication->getComponent()
#5 C:\wamp\www\yii\framework\gii\generators\model\ModelCode.php(60): CWebApplication->__get()
#6 C:\wamp\www\yii\framework\web\CFormModel.php(39): ModelCode->init()
#7 C:\wamp\www\yii\framework\gii\CCodeGenerator.php(153): ModelCode->__construct()
#8 C:\wamp\www\yii\framework\gii\CCodeGenerator.php(63): ModelGenerator->prepare()
#9 C:\wamp\www\yii\framework\web\actions\CInlineAction.php(49): ModelGenerator->actionIndex()
#10 C:\wamp\www\yii\framework\web\CController.php(308): CInlineAction->runWithParams()
#11 C:\wamp\www\yii\framework\web\CController.php(286): ModelGenerator->runAction()
#12 C:\wamp\www\yii\framework\web\CController.php(265): ModelGenerator->runActionWithFilters()
#13 C:\wamp\www\yii\framework\web\CWebApplication.php(282): ModelGenerator->run()
#14 C:\wamp\www\yii\framework\web\CWebApplication.php(141): CWebApplication->runController()
#15 C:\wamp\www\yii\framework\base\CApplication.php(184): CWebApplication->processRequest()
#16 C:\wamp\www\testtask.local\index.php(13): CWebApplication->run()
REQUEST_URI=/testtask.local/index.php?r=gii/model/index
in C:\wamp\www\testtask.local\index.php (13)
2015/09/22 21:17:51 [error] [exception.CException] exception 'CException' with message 'Property "CDbConnection.db" is not defined.' in C:\wamp\www\yii\framework\base\CComponent.php:173
Stack trace:
#0 C:\wamp\www\yii\framework\YiiBase.php(220): CComponent->__set('db', Array)
#1 C:\wamp\www\yii\framework\base\CModule.php(393): YiiBase::createComponent(Array)
#2 C:\wamp\www\yii\framework\base\CModule.php(103): CModule->getComponent('db')
#3 C:\wamp\www\yii\framework\gii\generators\model\ModelCode.php(60): CModule->__get('db')
#4 C:\wamp\www\yii\framework\web\CFormModel.php(39): ModelCode->init()
#5 C:\wamp\www\yii\framework\gii\CCodeGenerator.php(153): CFormModel->__construct()
#6 C:\wamp\www\yii\framework\gii\CCodeGenerator.php(63): CCodeGenerator->prepare()
#7 C:\wamp\www\yii\framework\web\actions\CInlineAction.php(49): CCodeGenerator->actionIndex()
#8 C:\wamp\www\yii\framework\web\CController.php(308): CInlineAction->runWithParams(Array)
#9 C:\wamp\www\yii\framework\web\CController.php(286): CController->runAction(Object(CInlineAction))
#10 C:\wamp\www\yii\framework\web\CController.php(265): CController->runActionWithFilters(Object(CInlineAction), Array)
#11 C:\wamp\www\yii\framework\web\CWebApplication.php(282): CController->run('index')
#12 C:\wamp\www\yii\framework\web\CWebApplication.php(141): CWebApplication->runController('gii/model/index')
#13 C:\wamp\www\yii\framework\base\CApplication.php(184): CWebApplication->processRequest()
#14 C:\wamp\www\testtask.local\index.php(13): CApplication->run()
#15 {main}
REQUEST_URI=/testtask.local/index.php?r=gii/model/index
HTTP_REFERER=http://localhost/testtask.local/index.php?r=gii/controller/index
---
2015/09/22 21:46:00 [error] [exception.CException] exception 'CException' with message 'CustomerController cannot find the requested view "addCustomer".' in C:\wamp\www\yii\framework\web\CController.php:878
Stack trace:
#0 C:\wamp\www\yii\framework\web\CController.php(782): CController->renderPartial('addCustomer', NULL, true)
#1 C:\wamp\www\testtask.local\protected\controllers\CustomerController.php(7): CController->render('addCustomer')
#2 C:\wamp\www\yii\framework\web\actions\CInlineAction.php(49): CustomerController->actionAddCustomer()
#3 C:\wamp\www\yii\framework\web\CController.php(308): CInlineAction->runWithParams(Array)
#4 C:\wamp\www\yii\framework\web\CController.php(286): CController->runAction(Object(CInlineAction))
#5 C:\wamp\www\yii\framework\web\CController.php(265): CController->runActionWithFilters(Object(CInlineAction), Array)
#6 C:\wamp\www\yii\framework\web\CWebApplication.php(282): CController->run('addcustomer')
#7 C:\wamp\www\yii\framework\web\CWebApplication.php(141): CWebApplication->runController('customer/addcus...')
#8 C:\wamp\www\yii\framework\base\CApplication.php(184): CWebApplication->processRequest()
#9 C:\wamp\www\testtask.local\index.php(13): CApplication->run()
#10 {main}
REQUEST_URI=/testtask.local/index.php/customer/addcustomer
---
2015/09/22 21:54:29 [error] [exception.CException] exception 'CException' with message 'Property "CUrlManager.enablePrettyUrl" is not defined.' in C:\wamp\www\yii\framework\base\CComponent.php:173
Stack trace:
#0 C:\wamp\www\yii\framework\YiiBase.php(220): CComponent->__set('enablePrettyUrl', true)
#1 C:\wamp\www\yii\framework\base\CModule.php(393): YiiBase::createComponent(Array)
#2 C:\wamp\www\yii\framework\base\CApplication.php(530): CModule->getComponent('urlManager')
#3 C:\wamp\www\yii\framework\web\CWebApplication.php(140): CApplication->getUrlManager()
#4 C:\wamp\www\yii\framework\base\CApplication.php(184): CWebApplication->processRequest()
#5 C:\wamp\www\testtask.local\index.php(13): CApplication->run()
#6 {main}
REQUEST_URI=/testtask.local/
---
2015/09/22 22:42:06 [error] [exception.CException] exception 'CException' with message 'CustomerController cannot find the requested view "addCustomer".' in C:\wamp\www\yii\framework\web\CController.php:878
Stack trace:
#0 C:\wamp\www\yii\framework\web\CController.php(782): CController->renderPartial('addCustomer', NULL, true)
#1 C:\wamp\www\testtask.local\protected\controllers\CustomerController.php(12): CController->render('addCustomer')
#2 C:\wamp\www\yii\framework\web\actions\CInlineAction.php(49): CustomerController->actionAddCustomer()
#3 C:\wamp\www\yii\framework\web\CController.php(308): CInlineAction->runWithParams(Array)
#4 C:\wamp\www\yii\framework\web\CController.php(286): CController->runAction(Object(CInlineAction))
#5 C:\wamp\www\yii\framework\web\CController.php(265): CController->runActionWithFilters(Object(CInlineAction), Array)
#6 C:\wamp\www\yii\framework\web\CWebApplication.php(282): CController->run('addcustomer')
#7 C:\wamp\www\yii\framework\web\CWebApplication.php(141): CWebApplication->runController('customer/addcus...')
#8 C:\wamp\www\yii\framework\base\CApplication.php(184): CWebApplication->processRequest()
#9 C:\wamp\www\testtask.local\index.php(13): CApplication->run()
#10 {main}
REQUEST_URI=/testtask.local/index.php/customer/addcustomer
HTTP_REFERER=http://localhost/testtask.local/
---
2015/09/22 23:26:54 [error] [exception.CHttpException.400] exception 'CHttpException' with message 'Your request is invalid.' in C:\wamp\www\yii\framework\web\CController.php:336
Stack trace:
#0 C:\wamp\www\yii\framework\web\CController.php(309): CController->invalidActionParams(Object(CInlineAction))
#1 C:\wamp\www\yii\framework\web\CController.php(286): CController->runAction(Object(CInlineAction))
#2 C:\wamp\www\yii\framework\web\CController.php(265): CController->runActionWithFilters(Object(CInlineAction), Array)
#3 C:\wamp\www\yii\framework\web\CWebApplication.php(282): CController->run('deletecustomer')
#4 C:\wamp\www\yii\framework\web\CWebApplication.php(141): CWebApplication->runController('customer/delete...')
#5 C:\wamp\www\yii\framework\base\CApplication.php(184): CWebApplication->processRequest()
#6 C:\wamp\www\testtask.local\index.php(13): CApplication->run()
#7 {main}
REQUEST_URI=/testtask.local/index.php/customer/deletecustomer/id=2
HTTP_REFERER=http://localhost/testtask.local/
---
2015/09/23 00:21:50 [error] [exception.CHttpException.400] exception 'CHttpException' with message 'Your request is invalid.' in C:\wamp\www\yii\framework\web\CController.php:336
Stack trace:
#0 C:\wamp\www\yii\framework\web\CController.php(309): CController->invalidActionParams(Object(CInlineAction))
#1 C:\wamp\www\yii\framework\web\CController.php(286): CController->runAction(Object(CInlineAction))
#2 C:\wamp\www\yii\framework\web\CController.php(265): CController->runActionWithFilters(Object(CInlineAction), Array)
#3 C:\wamp\www\yii\framework\web\CWebApplication.php(282): CController->run('deletecustomer')
#4 C:\wamp\www\yii\framework\web\CWebApplication.php(141): CWebApplication->runController('customer/delete...')
#5 C:\wamp\www\yii\framework\base\CApplication.php(184): CWebApplication->processRequest()
#6 C:\wamp\www\testtask.local\index.php(13): CApplication->run()
#7 {main}
REQUEST_URI=/testtask.local/index.php/customer/deletecustomer/undefined
HTTP_REFERER=http://localhost/testtask.local/
---
2015/09/23 02:46:05 [error] [exception.CHttpException.400] exception 'CHttpException' with message 'Your request is invalid.' in C:\wamp\www\yii\framework\web\CController.php:336
Stack trace:
#0 C:\wamp\www\yii\framework\web\CController.php(309): CController->invalidActionParams(Object(CInlineAction))
#1 C:\wamp\www\yii\framework\web\CController.php(286): CController->runAction(Object(CInlineAction))
#2 C:\wamp\www\yii\framework\web\CController.php(265): CController->runActionWithFilters(Object(CInlineAction), Array)
#3 C:\wamp\www\yii\framework\web\CWebApplication.php(282): CController->run('editcustomer')
#4 C:\wamp\www\yii\framework\web\CWebApplication.php(141): CWebApplication->runController('customer/editcu...')
#5 C:\wamp\www\yii\framework\base\CApplication.php(184): CWebApplication->processRequest()
#6 C:\wamp\www\testtask.local\index.php(13): CApplication->run()
#7 {main}
REQUEST_URI=/testtask.local/index.php/customer/editcustomer/[object%20Object]
HTTP_REFERER=http://localhost/testtask.local/
---
2015/09/23 02:46:50 [warning] [application] Failed to set unsafe attribute "id" of "Customer".
in C:\wamp\www\testtask.local\protected\controllers\CustomerController.php (58)
in C:\wamp\www\testtask.local\index.php (13)
2015/09/23 02:47:46 [warning] [application] Failed to set unsafe attribute "id" of "Customer".
in C:\wamp\www\testtask.local\protected\controllers\CustomerController.php (58)
in C:\wamp\www\testtask.local\index.php (13)
2015/09/23 02:57:00 [warning] [application] Failed to set unsafe attribute "id" of "Customer".
in C:\wamp\www\testtask.local\protected\controllers\CustomerController.php (58)
in C:\wamp\www\testtask.local\index.php (13)
2015/09/23 02:57:00 [error] [system.db.CDbCommand] CDbCommand::execute() failed: SQLSTATE[23000]: Integrity constraint violation: 1062 Duplicate entry '19' for key 'PRIMARY'. The SQL statement executed was: INSERT INTO `order` (`customer_id`, `posted_at`, `amount`, `paid_at`) VALUES (:customer_id_0, :posted_at_0, :amount_0, :paid_at_0).
in C:\wamp\www\testtask.local\protected\controllers\CustomerController.php (72)
in C:\wamp\www\testtask.local\index.php (13)
2015/09/23 02:57:00 [error] [exception.CDbException] exception 'CDbException' with message 'CDbCommand failed to execute the SQL statement: SQLSTATE[23000]: Integrity constraint violation: 1062 Duplicate entry '19' for key 'PRIMARY'. The SQL statement executed was: INSERT INTO `order` (`customer_id`, `posted_at`, `amount`, `paid_at`) VALUES (:customer_id_0, :posted_at_0, :amount_0, :paid_at_0)' in C:\wamp\www\yii\framework\db\CDbCommand.php:358
Stack trace:
#0 C:\wamp\www\testtask.local\protected\controllers\CustomerController.php(72): CDbCommand->execute()
#1 [internal function]: CustomerController->actionEditCustomer('19')
#2 C:\wamp\www\yii\framework\web\actions\CAction.php(109): ReflectionMethod->invokeArgs(Object(CustomerController), Array)
#3 C:\wamp\www\yii\framework\web\actions\CInlineAction.php(47): CAction->runWithParamsInternal(Object(CustomerController), Object(ReflectionMethod), Array)
#4 C:\wamp\www\yii\framework\web\CController.php(308): CInlineAction->runWithParams(Array)
#5 C:\wamp\www\yii\framework\web\CController.php(286): CController->runAction(Object(CInlineAction))
#6 C:\wamp\www\yii\framework\web\CController.php(265): CController->runActionWithFilters(Object(CInlineAction), Array)
#7 C:\wamp\www\yii\framework\web\CWebApplication.php(282): CController->run('editcustomer')
#8 C:\wamp\www\yii\framework\web\CWebApplication.php(141): CWebApplication->runController('customer/editcu...')
#9 C:\wamp\www\yii\framework\base\CApplication.php(184): CWebApplication->processRequest()
#10 C:\wamp\www\testtask.local\index.php(13): CApplication->run()
#11 {main}
REQUEST_URI=/testtask.local/index.php/customer/editcustomer/19
HTTP_REFERER=http://localhost/testtask.local/
---
2015/09/23 02:59:37 [warning] [application] Failed to set unsafe attribute "id" of "Customer".
in C:\wamp\www\testtask.local\protected\controllers\CustomerController.php (58)
in C:\wamp\www\testtask.local\index.php (13)
2015/09/23 02:59:37 [error] [system.db.CDbCommand] CDbCommand::execute() failed: SQLSTATE[23000]: Integrity constraint violation: 1062 Duplicate entry '1' for key 'PRIMARY'. The SQL statement executed was: INSERT INTO `order` (`customer_id`, `posted_at`, `amount`, `paid_at`) VALUES (:customer_id_0, :posted_at_0, :amount_0, :paid_at_0).
in C:\wamp\www\testtask.local\protected\controllers\CustomerController.php (72)
in C:\wamp\www\testtask.local\index.php (13)
2015/09/23 02:59:37 [error] [exception.CDbException] exception 'CDbException' with message 'CDbCommand failed to execute the SQL statement: SQLSTATE[23000]: Integrity constraint violation: 1062 Duplicate entry '1' for key 'PRIMARY'. The SQL statement executed was: INSERT INTO `order` (`customer_id`, `posted_at`, `amount`, `paid_at`) VALUES (:customer_id_0, :posted_at_0, :amount_0, :paid_at_0)' in C:\wamp\www\yii\framework\db\CDbCommand.php:358
Stack trace:
#0 C:\wamp\www\testtask.local\protected\controllers\CustomerController.php(72): CDbCommand->execute()
#1 [internal function]: CustomerController->actionEditCustomer('1')
#2 C:\wamp\www\yii\framework\web\actions\CAction.php(109): ReflectionMethod->invokeArgs(Object(CustomerController), Array)
#3 C:\wamp\www\yii\framework\web\actions\CInlineAction.php(47): CAction->runWithParamsInternal(Object(CustomerController), Object(ReflectionMethod), Array)
#4 C:\wamp\www\yii\framework\web\CController.php(308): CInlineAction->runWithParams(Array)
#5 C:\wamp\www\yii\framework\web\CController.php(286): CController->runAction(Object(CInlineAction))
#6 C:\wamp\www\yii\framework\web\CController.php(265): CController->runActionWithFilters(Object(CInlineAction), Array)
#7 C:\wamp\www\yii\framework\web\CWebApplication.php(282): CController->run('editcustomer')
#8 C:\wamp\www\yii\framework\web\CWebApplication.php(141): CWebApplication->runController('customer/editcu...')
#9 C:\wamp\www\yii\framework\base\CApplication.php(184): CWebApplication->processRequest()
#10 C:\wamp\www\testtask.local\index.php(13): CApplication->run()
#11 {main}
REQUEST_URI=/testtask.local/index.php/customer/editcustomer/1
HTTP_REFERER=http://localhost/testtask.local/
---
2015/09/23 03:01:07 [warning] [application] Failed to set unsafe attribute "id" of "Customer".
in C:\wamp\www\testtask.local\protected\controllers\CustomerController.php (58)
in C:\wamp\www\testtask.local\index.php (13)
2015/09/23 03:05:22 [warning] [application] Failed to set unsafe attribute "id" of "Customer".
in C:\wamp\www\testtask.local\protected\controllers\CustomerController.php (58)
in C:\wamp\www\testtask.local\index.php (13)
2015/09/23 03:05:41 [warning] [application] Failed to set unsafe attribute "id" of "Customer".
in C:\wamp\www\testtask.local\protected\controllers\CustomerController.php (58)
in C:\wamp\www\testtask.local\index.php (13)
2015/09/23 03:05:41 [error] [system.db.CDbCommand] CDbCommand::execute() failed: SQLSTATE[23000]: Integrity constraint violation: 1062 Duplicate entry '1' for key 'PRIMARY'. The SQL statement executed was: INSERT INTO `order` (`customer_id`, `posted_at`, `amount`, `paid_at`) VALUES (:customer_id_0, :posted_at_0, :amount_0, :paid_at_0).
in C:\wamp\www\testtask.local\protected\controllers\CustomerController.php (72)
in C:\wamp\www\testtask.local\index.php (13)
2015/09/23 03:05:41 [error] [exception.CDbException] exception 'CDbException' with message 'CDbCommand failed to execute the SQL statement: SQLSTATE[23000]: Integrity constraint violation: 1062 Duplicate entry '1' for key 'PRIMARY'. The SQL statement executed was: INSERT INTO `order` (`customer_id`, `posted_at`, `amount`, `paid_at`) VALUES (:customer_id_0, :posted_at_0, :amount_0, :paid_at_0)' in C:\wamp\www\yii\framework\db\CDbCommand.php:358
Stack trace:
#0 C:\wamp\www\testtask.local\protected\controllers\CustomerController.php(72): CDbCommand->execute()
#1 [internal function]: CustomerController->actionEditCustomer('1')
#2 C:\wamp\www\yii\framework\web\actions\CAction.php(109): ReflectionMethod->invokeArgs(Object(CustomerController), Array)
#3 C:\wamp\www\yii\framework\web\actions\CInlineAction.php(47): CAction->runWithParamsInternal(Object(CustomerController), Object(ReflectionMethod), Array)
#4 C:\wamp\www\yii\framework\web\CController.php(308): CInlineAction->runWithParams(Array)
#5 C:\wamp\www\yii\framework\web\CController.php(286): CController->runAction(Object(CInlineAction))
#6 C:\wamp\www\yii\framework\web\CController.php(265): CController->runActionWithFilters(Object(CInlineAction), Array)
#7 C:\wamp\www\yii\framework\web\CWebApplication.php(282): CController->run('editcustomer')
#8 C:\wamp\www\yii\framework\web\CWebApplication.php(141): CWebApplication->runController('customer/editcu...')
#9 C:\wamp\www\yii\framework\base\CApplication.php(184): CWebApplication->processRequest()
#10 C:\wamp\www\testtask.local\index.php(13): CApplication->run()
#11 {main}
REQUEST_URI=/testtask.local/index.php/customer/editcustomer/1
HTTP_REFERER=http://localhost/testtask.local/
---
2015/09/23 03:26:18 [warning] [application] Failed to set unsafe attribute "id" of "Customer".
in C:\wamp\www\testtask.local\protected\controllers\CustomerController.php (58)
in C:\wamp\www\testtask.local\index.php (13)
2015/09/23 03:26:18 [error] [system.db.CDbCommand] CDbCommand::execute() failed: SQLSTATE[23000]: Integrity constraint violation: 1062 Duplicate entry '1' for key 'PRIMARY'. The SQL statement executed was: INSERT INTO `order` (`customer_id`, `posted_at`, `amount`, `paid_at`) VALUES (:customer_id_0, :posted_at_0, :amount_0, :paid_at_0).
in C:\wamp\www\testtask.local\protected\controllers\CustomerController.php (72)
in C:\wamp\www\testtask.local\index.php (13)
2015/09/23 03:26:18 [error] [exception.CDbException] exception 'CDbException' with message 'CDbCommand failed to execute the SQL statement: SQLSTATE[23000]: Integrity constraint violation: 1062 Duplicate entry '1' for key 'PRIMARY'. The SQL statement executed was: INSERT INTO `order` (`customer_id`, `posted_at`, `amount`, `paid_at`) VALUES (:customer_id_0, :posted_at_0, :amount_0, :paid_at_0)' in C:\wamp\www\yii\framework\db\CDbCommand.php:358
Stack trace:
#0 C:\wamp\www\testtask.local\protected\controllers\CustomerController.php(72): CDbCommand->execute()
#1 [internal function]: CustomerController->actionEditCustomer('1')
#2 C:\wamp\www\yii\framework\web\actions\CAction.php(109): ReflectionMethod->invokeArgs(Object(CustomerController), Array)
#3 C:\wamp\www\yii\framework\web\actions\CInlineAction.php(47): CAction->runWithParamsInternal(Object(CustomerController), Object(ReflectionMethod), Array)
#4 C:\wamp\www\yii\framework\web\CController.php(308): CInlineAction->runWithParams(Array)
#5 C:\wamp\www\yii\framework\web\CController.php(286): CController->runAction(Object(CInlineAction))
#6 C:\wamp\www\yii\framework\web\CController.php(265): CController->runActionWithFilters(Object(CInlineAction), Array)
#7 C:\wamp\www\yii\framework\web\CWebApplication.php(282): CController->run('editcustomer')
#8 C:\wamp\www\yii\framework\web\CWebApplication.php(141): CWebApplication->runController('customer/editcu...')
#9 C:\wamp\www\yii\framework\base\CApplication.php(184): CWebApplication->processRequest()
#10 C:\wamp\www\testtask.local\index.php(13): CApplication->run()
#11 {main}
REQUEST_URI=/testtask.local/index.php/customer/editcustomer/1
HTTP_REFERER=http://localhost/testtask.local/
---
2015/09/23 03:28:48 [warning] [application] Failed to set unsafe attribute "id" of "Customer".
in C:\wamp\www\testtask.local\protected\controllers\CustomerController.php (58)
in C:\wamp\www\testtask.local\index.php (13)
2015/09/23 03:28:48 [error] [system.db.CDbCommand] CDbCommand::execute() failed: SQLSTATE[23000]: Integrity constraint violation: 1062 Duplicate entry '1' for key 'PRIMARY'. The SQL statement executed was: INSERT INTO `order` (`customer_id`, `posted_at`, `amount`, `paid_at`) VALUES (:customer_id_0, :posted_at_0, :amount_0, :paid_at_0).
in C:\wamp\www\testtask.local\protected\controllers\CustomerController.php (72)
in C:\wamp\www\testtask.local\index.php (13)
2015/09/23 03:28:48 [error] [exception.CDbException] exception 'CDbException' with message 'CDbCommand failed to execute the SQL statement: SQLSTATE[23000]: Integrity constraint violation: 1062 Duplicate entry '1' for key 'PRIMARY'. The SQL statement executed was: INSERT INTO `order` (`customer_id`, `posted_at`, `amount`, `paid_at`) VALUES (:customer_id_0, :posted_at_0, :amount_0, :paid_at_0)' in C:\wamp\www\yii\framework\db\CDbCommand.php:358
Stack trace:
#0 C:\wamp\www\testtask.local\protected\controllers\CustomerController.php(72): CDbCommand->execute()
#1 [internal function]: CustomerController->actionEditCustomer('1')
#2 C:\wamp\www\yii\framework\web\actions\CAction.php(109): ReflectionMethod->invokeArgs(Object(CustomerController), Array)
#3 C:\wamp\www\yii\framework\web\actions\CInlineAction.php(47): CAction->runWithParamsInternal(Object(CustomerController), Object(ReflectionMethod), Array)
#4 C:\wamp\www\yii\framework\web\CController.php(308): CInlineAction->runWithParams(Array)
#5 C:\wamp\www\yii\framework\web\CController.php(286): CController->runAction(Object(CInlineAction))
#6 C:\wamp\www\yii\framework\web\CController.php(265): CController->runActionWithFilters(Object(CInlineAction), Array)
#7 C:\wamp\www\yii\framework\web\CWebApplication.php(282): CController->run('editcustomer')
#8 C:\wamp\www\yii\framework\web\CWebApplication.php(141): CWebApplication->runController('customer/editcu...')
#9 C:\wamp\www\yii\framework\base\CApplication.php(184): CWebApplication->processRequest()
#10 C:\wamp\www\testtask.local\index.php(13): CApplication->run()
#11 {main}
REQUEST_URI=/testtask.local/index.php/customer/editcustomer/1
HTTP_REFERER=http://localhost/testtask.local/
---
2015/09/23 03:32:42 [warning] [application] Failed to set unsafe attribute "id" of "Customer".
in C:\wamp\www\testtask.local\protected\controllers\CustomerController.php (61)
in C:\wamp\www\testtask.local\index.php (13)
2015/09/23 03:35:57 [warning] [application] Failed to set unsafe attribute "id" of "Customer".
in C:\wamp\www\testtask.local\protected\controllers\CustomerController.php (61)
in C:\wamp\www\testtask.local\index.php (13)
2015/09/23 03:35:57 [error] [system.db.CDbCommand] CDbCommand::execute() failed: SQLSTATE[23000]: Integrity constraint violation: 1062 Duplicate entry '1' for key 'PRIMARY'. The SQL statement executed was: INSERT INTO `order` (`customer_id`, `posted_at`, `amount`, `paid_at`) VALUES (:yp0, :yp1, :yp2, :yp3).
in C:\wamp\www\testtask.local\protected\controllers\CustomerController.php (75)
in C:\wamp\www\testtask.local\index.php (13)
2015/09/23 03:35:57 [error] [exception.CDbException] exception 'CDbException' with message 'CDbCommand failed to execute the SQL statement: SQLSTATE[23000]: Integrity constraint violation: 1062 Duplicate entry '1' for key 'PRIMARY'. The SQL statement executed was: INSERT INTO `order` (`customer_id`, `posted_at`, `amount`, `paid_at`) VALUES (:yp0, :yp1, :yp2, :yp3)' in C:\wamp\www\yii\framework\db\CDbCommand.php:358
Stack trace:
#0 C:\wamp\www\yii\framework\db\ar\CActiveRecord.php(1080): CDbCommand->execute()
#1 C:\wamp\www\yii\framework\db\ar\CActiveRecord.php(809): CActiveRecord->insert(NULL)
#2 C:\wamp\www\testtask.local\protected\controllers\CustomerController.php(75): CActiveRecord->save()
#3 [internal function]: CustomerController->actionEditCustomer('1')
#4 C:\wamp\www\yii\framework\web\actions\CAction.php(109): ReflectionMethod->invokeArgs(Object(CustomerController), Array)
#5 C:\wamp\www\yii\framework\web\actions\CInlineAction.php(47): CAction->runWithParamsInternal(Object(CustomerController), Object(ReflectionMethod), Array)
#6 C:\wamp\www\yii\framework\web\CController.php(308): CInlineAction->runWithParams(Array)
#7 C:\wamp\www\yii\framework\web\CController.php(286): CController->runAction(Object(CInlineAction))
#8 C:\wamp\www\yii\framework\web\CController.php(265): CController->runActionWithFilters(Object(CInlineAction), Array)
#9 C:\wamp\www\yii\framework\web\CWebApplication.php(282): CController->run('editcustomer')
#10 C:\wamp\www\yii\framework\web\CWebApplication.php(141): CWebApplication->runController('customer/editcu...')
#11 C:\wamp\www\yii\framework\base\CApplication.php(184): CWebApplication->processRequest()
#12 C:\wamp\www\testtask.local\index.php(13): CApplication->run()
#13 {main}
REQUEST_URI=/testtask.local/index.php/customer/editcustomer/1
HTTP_REFERER=http://localhost/testtask.local/
---
2015/09/23 03:37:04 [warning] [application] Failed to set unsafe attribute "id" of "Customer".
in C:\wamp\www\testtask.local\protected\controllers\CustomerController.php (61)
in C:\wamp\www\testtask.local\index.php (13)
2015/09/23 03:37:24 [warning] [application] Failed to set unsafe attribute "id" of "Customer".
in C:\wamp\www\testtask.local\protected\controllers\CustomerController.php (61)
in C:\wamp\www\testtask.local\index.php (13)
2015/09/23 03:37:24 [error] [system.db.CDbCommand] CDbCommand::execute() failed: SQLSTATE[23000]: Integrity constraint violation: 1062 Duplicate entry '1' for key 'PRIMARY'. The SQL statement executed was: INSERT INTO `order` (`customer_id`, `posted_at`, `amount`, `paid_at`) VALUES (:yp0, :yp1, :yp2, :yp3).
in C:\wamp\www\testtask.local\protected\controllers\CustomerController.php (75)
in C:\wamp\www\testtask.local\index.php (13)
2015/09/23 03:37:24 [error] [exception.CDbException] exception 'CDbException' with message 'CDbCommand failed to execute the SQL statement: SQLSTATE[23000]: Integrity constraint violation: 1062 Duplicate entry '1' for key 'PRIMARY'. The SQL statement executed was: INSERT INTO `order` (`customer_id`, `posted_at`, `amount`, `paid_at`) VALUES (:yp0, :yp1, :yp2, :yp3)' in C:\wamp\www\yii\framework\db\CDbCommand.php:358
Stack trace:
#0 C:\wamp\www\yii\framework\db\ar\CActiveRecord.php(1080): CDbCommand->execute()
#1 C:\wamp\www\yii\framework\db\ar\CActiveRecord.php(809): CActiveRecord->insert(NULL)
#2 C:\wamp\www\testtask.local\protected\controllers\CustomerController.php(75): CActiveRecord->save()
#3 [internal function]: CustomerController->actionEditCustomer('1')
#4 C:\wamp\www\yii\framework\web\actions\CAction.php(109): ReflectionMethod->invokeArgs(Object(CustomerController), Array)
#5 C:\wamp\www\yii\framework\web\actions\CInlineAction.php(47): CAction->runWithParamsInternal(Object(CustomerController), Object(ReflectionMethod), Array)
#6 C:\wamp\www\yii\framework\web\CController.php(308): CInlineAction->runWithParams(Array)
#7 C:\wamp\www\yii\framework\web\CController.php(286): CController->runAction(Object(CInlineAction))
#8 C:\wamp\www\yii\framework\web\CController.php(265): CController->runActionWithFilters(Object(CInlineAction), Array)
#9 C:\wamp\www\yii\framework\web\CWebApplication.php(282): CController->run('editcustomer')
#10 C:\wamp\www\yii\framework\web\CWebApplication.php(141): CWebApplication->runController('customer/editcu...')
#11 C:\wamp\www\yii\framework\base\CApplication.php(184): CWebApplication->processRequest()
#12 C:\wamp\www\testtask.local\index.php(13): CApplication->run()
#13 {main}
REQUEST_URI=/testtask.local/index.php/customer/editcustomer/1
HTTP_REFERER=http://localhost/testtask.local/
---
2015/09/23 03:39:19 [warning] [application] Failed to set unsafe attribute "id" of "Customer".
in C:\wamp\www\testtask.local\protected\controllers\CustomerController.php (61)
in C:\wamp\www\testtask.local\index.php (13)
2015/09/23 03:39:19 [error] [system.db.CDbCommand] CDbCommand::execute() failed: SQLSTATE[23000]: Integrity constraint violation: 1062 Duplicate entry '1' for key 'PRIMARY'. The SQL statement executed was: INSERT INTO `order` (`customer_id`, `posted_at`, `amount`, `paid_at`) VALUES (:yp0, :yp1, :yp2, :yp3).
in C:\wamp\www\testtask.local\protected\controllers\CustomerController.php (82)
in C:\wamp\www\testtask.local\index.php (13)
2015/09/23 03:39:19 [error] [exception.CDbException] exception 'CDbException' with message 'CDbCommand failed to execute the SQL statement: SQLSTATE[23000]: Integrity constraint violation: 1062 Duplicate entry '1' for key 'PRIMARY'. The SQL statement executed was: INSERT INTO `order` (`customer_id`, `posted_at`, `amount`, `paid_at`) VALUES (:yp0, :yp1, :yp2, :yp3)' in C:\wamp\www\yii\framework\db\CDbCommand.php:358
Stack trace:
#0 C:\wamp\www\yii\framework\db\ar\CActiveRecord.php(1080): CDbCommand->execute()
#1 C:\wamp\www\yii\framework\db\ar\CActiveRecord.php(809): CActiveRecord->insert(NULL)
#2 C:\wamp\www\testtask.local\protected\controllers\CustomerController.php(82): CActiveRecord->save()
#3 [internal function]: CustomerController->actionEditCustomer('1')
#4 C:\wamp\www\yii\framework\web\actions\CAction.php(109): ReflectionMethod->invokeArgs(Object(CustomerController), Array)
#5 C:\wamp\www\yii\framework\web\actions\CInlineAction.php(47): CAction->runWithParamsInternal(Object(CustomerController), Object(ReflectionMethod), Array)
#6 C:\wamp\www\yii\framework\web\CController.php(308): CInlineAction->runWithParams(Array)
#7 C:\wamp\www\yii\framework\web\CController.php(286): CController->runAction(Object(CInlineAction))
#8 C:\wamp\www\yii\framework\web\CController.php(265): CController->runActionWithFilters(Object(CInlineAction), Array)
#9 C:\wamp\www\yii\framework\web\CWebApplication.php(282): CController->run('editcustomer')
#10 C:\wamp\www\yii\framework\web\CWebApplication.php(141): CWebApplication->runController('customer/editcu...')
#11 C:\wamp\www\yii\framework\base\CApplication.php(184): CWebApplication->processRequest()
#12 C:\wamp\www\testtask.local\index.php(13): CApplication->run()
#13 {main}
REQUEST_URI=/testtask.local/index.php/customer/editcustomer/1
HTTP_REFERER=http://localhost/testtask.local/
---
2015/09/23 03:40:01 [warning] [application] Failed to set unsafe attribute "id" of "Customer".
in C:\wamp\www\testtask.local\protected\controllers\CustomerController.php (61)
in C:\wamp\www\testtask.local\index.php (13)
2015/09/23 03:40:01 [error] [system.db.CDbCommand] CDbCommand::execute() failed: SQLSTATE[23000]: Integrity constraint violation: 1062 Duplicate entry '1' for key 'PRIMARY'. The SQL statement executed was: INSERT INTO `order` (`customer_id`, `posted_at`, `amount`, `paid_at`) VALUES (:yp0, :yp1, :yp2, :yp3).
in C:\wamp\www\testtask.local\protected\controllers\CustomerController.php (82)
in C:\wamp\www\testtask.local\index.php (13)
2015/09/23 03:40:01 [error] [exception.CDbException] exception 'CDbException' with message 'CDbCommand failed to execute the SQL statement: SQLSTATE[23000]: Integrity constraint violation: 1062 Duplicate entry '1' for key 'PRIMARY'. The SQL statement executed was: INSERT INTO `order` (`customer_id`, `posted_at`, `amount`, `paid_at`) VALUES (:yp0, :yp1, :yp2, :yp3)' in C:\wamp\www\yii\framework\db\CDbCommand.php:358
Stack trace:
#0 C:\wamp\www\yii\framework\db\ar\CActiveRecord.php(1080): CDbCommand->execute()
#1 C:\wamp\www\yii\framework\db\ar\CActiveRecord.php(809): CActiveRecord->insert(NULL)
#2 C:\wamp\www\testtask.local\protected\controllers\CustomerController.php(82): CActiveRecord->save()
#3 [internal function]: CustomerController->actionEditCustomer('1')
#4 C:\wamp\www\yii\framework\web\actions\CAction.php(109): ReflectionMethod->invokeArgs(Object(CustomerController), Array)
#5 C:\wamp\www\yii\framework\web\actions\CInlineAction.php(47): CAction->runWithParamsInternal(Object(CustomerController), Object(ReflectionMethod), Array)
#6 C:\wamp\www\yii\framework\web\CController.php(308): CInlineAction->runWithParams(Array)
#7 C:\wamp\www\yii\framework\web\CController.php(286): CController->runAction(Object(CInlineAction))
#8 C:\wamp\www\yii\framework\web\CController.php(265): CController->runActionWithFilters(Object(CInlineAction), Array)
#9 C:\wamp\www\yii\framework\web\CWebApplication.php(282): CController->run('editcustomer')
#10 C:\wamp\www\yii\framework\web\CWebApplication.php(141): CWebApplication->runController('customer/editcu...')
#11 C:\wamp\www\yii\framework\base\CApplication.php(184): CWebApplication->processRequest()
#12 C:\wamp\www\testtask.local\index.php(13): CApplication->run()
#13 {main}
REQUEST_URI=/testtask.local/index.php/customer/editcustomer/1
HTTP_REFERER=http://localhost/testtask.local/
---
2015/09/23 03:41:34 [error] [system.db.CDbCommand] CDbCommand::execute() failed: SQLSTATE[23000]: Integrity constraint violation: 1062 Duplicate entry '1' for key 'PRIMARY'. The SQL statement executed was: INSERT INTO `order` (`customer_id`, `posted_at`, `amount`, `paid_at`) VALUES (:yp0, :yp1, :yp2, :yp3).
in C:\wamp\www\testtask.local\protected\controllers\CustomerController.php (82)
in C:\wamp\www\testtask.local\index.php (13)
2015/09/23 03:41:34 [error] [exception.CDbException] exception 'CDbException' with message 'CDbCommand failed to execute the SQL statement: SQLSTATE[23000]: Integrity constraint violation: 1062 Duplicate entry '1' for key 'PRIMARY'. The SQL statement executed was: INSERT INTO `order` (`customer_id`, `posted_at`, `amount`, `paid_at`) VALUES (:yp0, :yp1, :yp2, :yp3)' in C:\wamp\www\yii\framework\db\CDbCommand.php:358
Stack trace:
#0 C:\wamp\www\yii\framework\db\ar\CActiveRecord.php(1080): CDbCommand->execute()
#1 C:\wamp\www\yii\framework\db\ar\CActiveRecord.php(809): CActiveRecord->insert(NULL)
#2 C:\wamp\www\testtask.local\protected\controllers\CustomerController.php(82): CActiveRecord->save()
#3 [internal function]: CustomerController->actionEditCustomer('1')
#4 C:\wamp\www\yii\framework\web\actions\CAction.php(109): ReflectionMethod->invokeArgs(Object(CustomerController), Array)
#5 C:\wamp\www\yii\framework\web\actions\CInlineAction.php(47): CAction->runWithParamsInternal(Object(CustomerController), Object(ReflectionMethod), Array)
#6 C:\wamp\www\yii\framework\web\CController.php(308): CInlineAction->runWithParams(Array)
#7 C:\wamp\www\yii\framework\web\CController.php(286): CController->runAction(Object(CInlineAction))
#8 C:\wamp\www\yii\framework\web\CController.php(265): CController->runActionWithFilters(Object(CInlineAction), Array)
#9 C:\wamp\www\yii\framework\web\CWebApplication.php(282): CController->run('editcustomer')
#10 C:\wamp\www\yii\framework\web\CWebApplication.php(141): CWebApplication->runController('customer/editcu...')
#11 C:\wamp\www\yii\framework\base\CApplication.php(184): CWebApplication->processRequest()
#12 C:\wamp\www\testtask.local\index.php(13): CApplication->run()
#13 {main}
REQUEST_URI=/testtask.local/index.php/customer/editcustomer/1
---
2015/09/23 03:52:41 [error] [system.db.CDbCommand] CDbCommand::execute() failed: SQLSTATE[23000]: Integrity constraint violation: 1062 Duplicate entry '1' for key 'PRIMARY'. The SQL statement executed was: INSERT INTO `order` (`customer_id`, `posted_at`, `amount`, `paid_at`) VALUES (:yp0, :yp1, :yp2, :yp3).
in C:\wamp\www\testtask.local\protected\controllers\CustomerController.php (82)
in C:\wamp\www\testtask.local\index.php (13)
2015/09/23 03:52:41 [error] [exception.CDbException] exception 'CDbException' with message 'CDbCommand failed to execute the SQL statement: SQLSTATE[23000]: Integrity constraint violation: 1062 Duplicate entry '1' for key 'PRIMARY'. The SQL statement executed was: INSERT INTO `order` (`customer_id`, `posted_at`, `amount`, `paid_at`) VALUES (:yp0, :yp1, :yp2, :yp3)' in C:\wamp\www\yii\framework\db\CDbCommand.php:358
Stack trace:
#0 C:\wamp\www\yii\framework\db\ar\CActiveRecord.php(1080): CDbCommand->execute()
#1 C:\wamp\www\yii\framework\db\ar\CActiveRecord.php(809): CActiveRecord->insert(NULL)
#2 C:\wamp\www\testtask.local\protected\controllers\CustomerController.php(82): CActiveRecord->save()
#3 [internal function]: CustomerController->actionEditCustomer('1')
#4 C:\wamp\www\yii\framework\web\actions\CAction.php(109): ReflectionMethod->invokeArgs(Object(CustomerController), Array)
#5 C:\wamp\www\yii\framework\web\actions\CInlineAction.php(47): CAction->runWithParamsInternal(Object(CustomerController), Object(ReflectionMethod), Array)
#6 C:\wamp\www\yii\framework\web\CController.php(308): CInlineAction->runWithParams(Array)
#7 C:\wamp\www\yii\framework\web\CController.php(286): CController->runAction(Object(CInlineAction))
#8 C:\wamp\www\yii\framework\web\CController.php(265): CController->runActionWithFilters(Object(CInlineAction), Array)
#9 C:\wamp\www\yii\framework\web\CWebApplication.php(282): CController->run('editcustomer')
#10 C:\wamp\www\yii\framework\web\CWebApplication.php(141): CWebApplication->runController('customer/editcu...')
#11 C:\wamp\www\yii\framework\base\CApplication.php(184): CWebApplication->processRequest()
#12 C:\wamp\www\testtask.local\index.php(13): CApplication->run()
#13 {main}
REQUEST_URI=/testtask.local/index.php/customer/editcustomer/1
---
2015/09/23 03:53:32 [error] [system.db.CDbCommand] CDbCommand::execute() failed: SQLSTATE[23000]: Integrity constraint violation: 1062 Duplicate entry '1' for key 'PRIMARY'. The SQL statement executed was: INSERT INTO `order` (`customer_id`, `posted_at`, `amount`, `paid_at`) VALUES (:yp0, :yp1, :yp2, :yp3).
in C:\wamp\www\testtask.local\protected\controllers\CustomerController.php (82)
in C:\wamp\www\testtask.local\index.php (13)
2015/09/23 03:53:32 [error] [exception.CDbException] exception 'CDbException' with message 'CDbCommand failed to execute the SQL statement: SQLSTATE[23000]: Integrity constraint violation: 1062 Duplicate entry '1' for key 'PRIMARY'. The SQL statement executed was: INSERT INTO `order` (`customer_id`, `posted_at`, `amount`, `paid_at`) VALUES (:yp0, :yp1, :yp2, :yp3)' in C:\wamp\www\yii\framework\db\CDbCommand.php:358
Stack trace:
#0 C:\wamp\www\yii\framework\db\ar\CActiveRecord.php(1080): CDbCommand->execute()
#1 C:\wamp\www\yii\framework\db\ar\CActiveRecord.php(809): CActiveRecord->insert(NULL)
#2 C:\wamp\www\testtask.local\protected\controllers\CustomerController.php(82): CActiveRecord->save()
#3 [internal function]: CustomerController->actionEditCustomer('1')
#4 C:\wamp\www\yii\framework\web\actions\CAction.php(109): ReflectionMethod->invokeArgs(Object(CustomerController), Array)
#5 C:\wamp\www\yii\framework\web\actions\CInlineAction.php(47): CAction->runWithParamsInternal(Object(CustomerController), Object(ReflectionMethod), Array)
#6 C:\wamp\www\yii\framework\web\CController.php(308): CInlineAction->runWithParams(Array)
#7 C:\wamp\www\yii\framework\web\CController.php(286): CController->runAction(Object(CInlineAction))
#8 C:\wamp\www\yii\framework\web\CController.php(265): CController->runActionWithFilters(Object(CInlineAction), Array)
#9 C:\wamp\www\yii\framework\web\CWebApplication.php(282): CController->run('editcustomer')
#10 C:\wamp\www\yii\framework\web\CWebApplication.php(141): CWebApplication->runController('customer/editcu...')
#11 C:\wamp\www\yii\framework\base\CApplication.php(184): CWebApplication->processRequest()
#12 C:\wamp\www\testtask.local\index.php(13): CApplication->run()
#13 {main}
REQUEST_URI=/testtask.local/index.php/customer/editcustomer/1
---
2015/09/23 09:41:51 [warning] [application] Failed to set unsafe attribute "id" of "Customer".
in C:\wamp\www\testtask.local\protected\controllers\CustomerController.php (61)
in C:\wamp\www\testtask.local\index.php (13)
2015/09/23 09:42:11 [warning] [application] Failed to set unsafe attribute "id" of "Customer".
in C:\wamp\www\testtask.local\protected\controllers\CustomerController.php (61)
in C:\wamp\www\testtask.local\index.php (13)
2015/09/23 10:53:47 [warning] [application] Failed to set unsafe attribute "id" of "Customer".
in C:\wamp\www\testtask.local\protected\controllers\CustomerController.php (61)
in C:\wamp\www\testtask.local\index.php (13)
2015/09/23 10:54:03 [warning] [application] Failed to set unsafe attribute "id" of "Customer".
in C:\wamp\www\testtask.local\protected\controllers\CustomerController.php (61)
in C:\wamp\www\testtask.local\index.php (13)
2015/09/23 12:22:07 [warning] [application] Failed to set unsafe attribute "id" of "Customer".
in C:\wamp\www\testtask.local\protected\controllers\CustomerController.php (56)
in C:\wamp\www\testtask.local\index.php (13)
2015/09/23 12:23:17 [warning] [application] Failed to set unsafe attribute "id" of "Customer".
in C:\wamp\www\testtask.local\protected\controllers\CustomerController.php (56)
in C:\wamp\www\testtask.local\index.php (13)
2015/09/23 12:23:18 [error] [exception.CHttpException.400] exception 'CHttpException' with message 'Your request is invalid.' in C:\wamp\www\yii\framework\web\CController.php:336
Stack trace:
#0 C:\wamp\www\yii\framework\web\CController.php(309): CController->invalidActionParams(Object(CInlineAction))
#1 C:\wamp\www\yii\framework\web\CController.php(286): CController->runAction(Object(CInlineAction))
#2 C:\wamp\www\yii\framework\web\CController.php(265): CController->runActionWithFilters(Object(CInlineAction), Array)
#3 C:\wamp\www\yii\framework\web\CWebApplication.php(282): CController->run('editcustomer')
#4 C:\wamp\www\yii\framework\web\CWebApplication.php(141): CWebApplication->runController('customer/editcu...')
#5 C:\wamp\www\yii\framework\base\CApplication.php(184): CWebApplication->processRequest()
#6 C:\wamp\www\testtask.local\index.php(13): CApplication->run()
#7 {main}
REQUEST_URI=/testtask.local/index.php/customer/editcustomer/undefined
HTTP_REFERER=http://localhost/testtask.local/
---
2015/09/23 12:23:36 [warning] [application] Failed to set unsafe attribute "id" of "Customer".
in C:\wamp\www\testtask.local\protected\controllers\CustomerController.php (56)
in C:\wamp\www\testtask.local\index.php (13)
